<?xml version="1.0" encoding="UTF-8"?>
<!-- Generated by org.testng.reporters.JUnitReportReporter -->
<testsuite skipped="0" hostname="LAPTOP-HHN7D2TC" name="com.ebanking.master.RoleNG" tests="3" failures="0" timestamp="2020-07-21T20:09:23 IST" time="28.250" errors="0">
  <testcase name="Rol" time="9.180" classname="com.ebanking.master.RoleNG"/>
  <testcase name="Rol" time="9.409" classname="com.ebanking.master.RoleNG"/>
  <testcase name="Rol" time="9.661" classname="com.ebanking.master.RoleNG"/>
</testsuite> <!-- com.ebanking.master.RoleNG -->
