<?xml version="1.0" encoding="UTF-8"?>
<!-- Generated by org.testng.reporters.JUnitReportReporter -->
<testsuite skipped="0" hostname="LAPTOP-HHN7D2TC" name="com.ebanking.scripts.SampleNG" tests="2" failures="0" timestamp="2020-07-20T19:44:28 IST" time="0.024" errors="0">
  <testcase name="bcd" time="0.016" classname="com.ebanking.scripts.SampleNG"/>
  <testcase name="abc" time="0.008" classname="com.ebanking.scripts.SampleNG"/>
</testsuite> <!-- com.ebanking.scripts.SampleNG -->
